<?xml version='1.0' encoding='UTF-8'?>
<testsuites name='platonWalletTests.xctest' tests='37' failures='0'>
  <testsuite name='platonWalletTests.WalletServiceTests' tests='7' failures='0'>
    <testcase classname='platonWalletTests.WalletServiceTests' name='testCreatWallet' time='4.918'/>
    <testcase classname='platonWalletTests.WalletServiceTests' name='testExportKeyStore' time='2.089'/>
    <testcase classname='platonWalletTests.WalletServiceTests' name='testExportMnemonic' time='1.996'/>
    <testcase classname='platonWalletTests.WalletServiceTests' name='testExportPrivateKey' time='2.526'/>
    <testcase classname='platonWalletTests.WalletServiceTests' name='testImportKeystore' time='2.132'/>
    <testcase classname='platonWalletTests.WalletServiceTests' name='testImportMnemonic' time='2.114'/>
    <testcase classname='platonWalletTests.WalletServiceTests' name='testImportPrivateKey' time='2.130'/>
  </testsuite>
  <testsuite name='platonWalletTests.platon071Tests' tests='17' failures='0'>
    <testcase classname='platonWalletTests.platon071Tests' name='testCanDelegateAPI' time='0.009'/>
    <testcase classname='platonWalletTests.platon071Tests' name='testDelegateDetailAPI' time='0.017'/>
    <testcase classname='platonWalletTests.platon071Tests' name='testDelegateValueAPI' time='0.005'/>
    <testcase classname='platonWalletTests.platon071Tests' name='testExample' time='0.001'/>
    <testcase classname='platonWalletTests.platon071Tests' name='testGetBalanceAPI' time='0.006'/>
    <testcase classname='platonWalletTests.platon071Tests' name='testGetDelegateRecordAPI' time='0.009'/>
    <testcase classname='platonWalletTests.platon071Tests' name='testGetNodePersistence' time='0.007'/>
    <testcase classname='platonWalletTests.platon071Tests' name='testGetTransactionListAPI' time='0.014'/>
    <testcase classname='platonWalletTests.platon071Tests' name='testMyDelegateAPI' time='0.006'/>
    <testcase classname='platonWalletTests.platon071Tests' name='testNodeDetailAPI' time='0.005'/>
    <testcase classname='platonWalletTests.platon071Tests' name='testNodeListAPI' time='0.006'/>
    <testcase classname='platonWalletTests.platon071Tests' name='testPerformanceExample' time='1.232'/>
    <testcase classname='platonWalletTests.platon071Tests' name='testRemoveDelegateRecord' time='0.002'/>
    <testcase classname='platonWalletTests.platon071Tests' name='testSaveDelegateRecord' time='0.001'/>
    <testcase classname='platonWalletTests.platon071Tests' name='testSaveNodePersistence' time='0.005'/>
    <testcase classname='platonWalletTests.platon071Tests' name='testSaveTransactionPersistence' time='0.001'/>
    <testcase classname='platonWalletTests.platon071Tests' name='testUpdateTransactionPersistence' time='2.009'/>
  </testsuite>
  <testsuite name='platonWalletTests.platonWalletTests' tests='13' failures='0'>
    <testcase classname='platonWalletTests.platonWalletTests' name='testAddressBook' time='0.002'/>
    <testcase classname='platonWalletTests.platonWalletTests' name='testBigUintExtensionTest' time='0.007'/>
    <testcase classname='platonWalletTests.platonWalletTests' name='testDeleteAdddressInfo' time='0.001'/>
    <testcase classname='platonWalletTests.platonWalletTests' name='testGetSelectedNode' time='0.002'/>
    <testcase classname='platonWalletTests.platonWalletTests' name='testIPQuery' time='0.002'/>
    <testcase classname='platonWalletTests.platonWalletTests' name='testJsonwithbn' time='0.005'/>
    <testcase classname='platonWalletTests.platonWalletTests' name='testPerformanceExample' time='0.252'/>
    <testcase classname='platonWalletTests.platonWalletTests' name='testPlatonContranctDeploy' time='0.001'/>
    <testcase classname='platonWalletTests.platonWalletTests' name='testRlpDecode' time='0.003'/>
    <testcase classname='platonWalletTests.platonWalletTests' name='testSendAmoutInput' time='0.002'/>
    <testcase classname='platonWalletTests.platonWalletTests' name='testSettingNodes' time='0.001'/>
    <testcase classname='platonWalletTests.platonWalletTests' name='testUIntUtilTest' time='0.001'/>
    <testcase classname='platonWalletTests.platonWalletTests' name='testUtil' time='0.003'/>
  </testsuite>
</testsuites>