<?xml version='1.0' encoding='UTF-8'?>
<testsuites name='platonWalletTests.xctest' tests='51' failures='0'>
  <testsuite name='platonWalletTests.PersistenceTests' tests='4' failures='0'>
    <testcase classname='platonWalletTests.PersistenceTests' name='testAddressInfoPersistence' time='0.021'/>
    <testcase classname='platonWalletTests.PersistenceTests' name='testAssetPersistence' time='0.006'/>
    <testcase classname='platonWalletTests.PersistenceTests' name='testBalance' time='0.006'/>
    <testcase classname='platonWalletTests.PersistenceTests' name='testWallletPersistence' time='0.001'/>
  </testsuite>
  <testsuite name='platonWalletTests.WalletServiceTests' tests='16' failures='0'>
    <testcase classname='platonWalletTests.WalletServiceTests' name='testCreateObserveWallet' time='0.009'/>
    <testcase classname='platonWalletTests.WalletServiceTests' name='testCreateWallet' time='3.153'/>
    <testcase classname='platonWalletTests.WalletServiceTests' name='testExportKeyStore' time='2.111'/>
    <testcase classname='platonWalletTests.WalletServiceTests' name='testExportMnemonic' time='1.181'/>
    <testcase classname='platonWalletTests.WalletServiceTests' name='testExportPrivateKey' time='1.131'/>
    <testcase classname='platonWalletTests.WalletServiceTests' name='testGenerateMnemonic' time='0.001'/>
    <testcase classname='platonWalletTests.WalletServiceTests' name='testHdNodeFromSeed' time='0.007'/>
    <testcase classname='platonWalletTests.WalletServiceTests' name='testImportKeystore' time='1.623'/>
    <testcase classname='platonWalletTests.WalletServiceTests' name='testImportMnemonic' time='1.103'/>
    <testcase classname='platonWalletTests.WalletServiceTests' name='testImportPrivateKey' time='1.108'/>
    <testcase classname='platonWalletTests.WalletServiceTests' name='testKeystoreDecrypt' time='2.212'/>
    <testcase classname='platonWalletTests.WalletServiceTests' name='testKeystoreInitWithMnemonic' time='1.082'/>
    <testcase classname='platonWalletTests.WalletServiceTests' name='testKeystoreInitWithPassword' time='2.198'/>
    <testcase classname='platonWalletTests.WalletServiceTests' name='testObserverWalletName' time='0.006'/>
    <testcase classname='platonWalletTests.WalletServiceTests' name='testPrivateKeyFromHDNode' time='0.002'/>
    <testcase classname='platonWalletTests.WalletServiceTests' name='testPublicKeyFromPrivateKey' time='0.002'/>
  </testsuite>
  <testsuite name='platonWalletTests.platon071Tests' tests='19' failures='0'>
    <testcase classname='platonWalletTests.platon071Tests' name='test12Decimal' time='0.001'/>
    <testcase classname='platonWalletTests.platon071Tests' name='testCanDelegateAPI' time='0.061'/>
    <testcase classname='platonWalletTests.platon071Tests' name='testDelegateDetailAPI' time='0.005'/>
    <testcase classname='platonWalletTests.platon071Tests' name='testDelegateValueAPI' time='0.004'/>
    <testcase classname='platonWalletTests.platon071Tests' name='testExample' time='0.001'/>
    <testcase classname='platonWalletTests.platon071Tests' name='testGasAPI' time='0.004'/>
    <testcase classname='platonWalletTests.platon071Tests' name='testGetBalanceAPI' time='0.004'/>
    <testcase classname='platonWalletTests.platon071Tests' name='testGetDelegateRecordAPI' time='0.006'/>
    <testcase classname='platonWalletTests.platon071Tests' name='testGetNodePersistence' time='0.010'/>
    <testcase classname='platonWalletTests.platon071Tests' name='testGetTransactionListAPI' time='0.005'/>
    <testcase classname='platonWalletTests.platon071Tests' name='testMyDelegateAPI' time='0.004'/>
    <testcase classname='platonWalletTests.platon071Tests' name='testNodeDetailAPI' time='0.004'/>
    <testcase classname='platonWalletTests.platon071Tests' name='testNodeListAPI' time='0.010'/>
    <testcase classname='platonWalletTests.platon071Tests' name='testRestrict' time='0.586'/>
    <testcase classname='platonWalletTests.platon071Tests' name='testRewardRecordsAPI' time='0.006'/>
    <testcase classname='platonWalletTests.platon071Tests' name='testSaveNodePersistence' time='0.004'/>
    <testcase classname='platonWalletTests.platon071Tests' name='testSaveTransactionPersistence' time='0.001'/>
    <testcase classname='platonWalletTests.platon071Tests' name='testUpdateTransactionPersistence' time='2.011'/>
    <testcase classname='platonWalletTests.platon071Tests' name='testValidatorDecimal' time='0.001'/>
  </testsuite>
  <testsuite name='platonWalletTests.platonWalletTests' tests='12' failures='0'>
    <testcase classname='platonWalletTests.platonWalletTests' name='testAddressBook' time='0.001'/>
    <testcase classname='platonWalletTests.platonWalletTests' name='testBalanceDecimalPlaceConvert' time='0.002'/>
    <testcase classname='platonWalletTests.platonWalletTests' name='testBigUintExtensionTest' time='0.003'/>
    <testcase classname='platonWalletTests.platonWalletTests' name='testDecimalPlaceConvert' time='0.001'/>
    <testcase classname='platonWalletTests.platonWalletTests' name='testDeleteAdddressInfo' time='0.001'/>
    <testcase classname='platonWalletTests.platonWalletTests' name='testIPQuery' time='0.003'/>
    <testcase classname='platonWalletTests.platonWalletTests' name='testJsonwithbn' time='0.002'/>
    <testcase classname='platonWalletTests.platonWalletTests' name='testPlatonContranctDeploy' time='0.001'/>
    <testcase classname='platonWalletTests.platonWalletTests' name='testRlpDecode' time='0.001'/>
    <testcase classname='platonWalletTests.platonWalletTests' name='testSendAmoutInput' time='0.001'/>
    <testcase classname='platonWalletTests.platonWalletTests' name='testUIntUtilTest' time='0.001'/>
    <testcase classname='platonWalletTests.platonWalletTests' name='testUtil' time='0.002'/>
  </testsuite>
</testsuites>